Analysis & Synthesis report for in_wrapper
Sun Jun 27 16:22:08 2021
Quartus Prime Version 20.1.0 Build 711 06/05/2020 SJ Lite Edition


---------------------
; Table of Contents ;
---------------------
  1. Legal Notice
  2. Analysis & Synthesis Summary
  3. Analysis & Synthesis Settings
  4. Parallel Compilation
  5. Analysis & Synthesis Source Files Read
  6. Analysis & Synthesis Resource Usage Summary
  7. Analysis & Synthesis Resource Utilization by Entity
  8. State Machine - |in_wrapper|in_wrapperCU:cu|pstate
  9. Registers Removed During Synthesis
 10. General Register Statistics
 11. Parameter Settings for User Entity Instance: in_wrapperCU:cu
 12. Post-Synthesis Netlist Statistics for Top Partition
 13. Elapsed Time Per Partition
 14. Analysis & Synthesis Messages



----------------
; Legal Notice ;
----------------
Copyright (C) 2020  Intel Corporation. All rights reserved.
Your use of Intel Corporation's design tools, logic functions 
and other software and tools, and any partner logic 
functions, and any output files from any of the foregoing 
(including device programming or simulation files), and any 
associated documentation or information are expressly subject 
to the terms and conditions of the Intel Program License 
Subscription Agreement, the Intel Quartus Prime License Agreement,
the Intel FPGA IP License Agreement, or other applicable license
agreement, including, without limitation, that your use is for
the sole purpose of programming logic devices manufactured by
Intel and sold by Intel or its authorized distributors.  Please
refer to the applicable agreement for further details, at
https://fpgasoftware.intel.com/eula.



+----------------------------------------------------------------------------------+
; Analysis & Synthesis Summary                                                     ;
+------------------------------------+---------------------------------------------+
; Analysis & Synthesis Status        ; Successful - Sun Jun 27 16:22:08 2021       ;
; Quartus Prime Version              ; 20.1.0 Build 711 06/05/2020 SJ Lite Edition ;
; Revision Name                      ; in_wrapper                                  ;
; Top-level Entity Name              ; in_wrapper                                  ;
; Family                             ; Cyclone IV E                                ;
; Total logic elements               ; 55                                          ;
;     Total combinational functions  ; 7                                           ;
;     Dedicated logic registers      ; 54                                          ;
; Total registers                    ; 54                                          ;
; Total pins                         ; 101                                         ;
; Total virtual pins                 ; 0                                           ;
; Total memory bits                  ; 0                                           ;
; Embedded Multiplier 9-bit elements ; 0                                           ;
; Total PLLs                         ; 0                                           ;
+------------------------------------+---------------------------------------------+


+------------------------------------------------------------------------------------------------------------+
; Analysis & Synthesis Settings                                                                              ;
+------------------------------------------------------------------+--------------------+--------------------+
; Option                                                           ; Setting            ; Default Value      ;
+------------------------------------------------------------------+--------------------+--------------------+
; Device                                                           ; EP4CE6F17C7        ;                    ;
; Top-level entity name                                            ; in_wrapper         ; in_wrapper         ;
; Family name                                                      ; Cyclone IV E       ; Cyclone V          ;
; Use smart compilation                                            ; Off                ; Off                ;
; Enable parallel Assembler and Timing Analyzer during compilation ; On                 ; On                 ;
; Enable compact report table                                      ; Off                ; Off                ;
; Restructure Multiplexers                                         ; Auto               ; Auto               ;
; Create Debugging Nodes for IP Cores                              ; Off                ; Off                ;
; Preserve fewer node names                                        ; On                 ; On                 ;
; Intel FPGA IP Evaluation Mode                                    ; Enable             ; Enable             ;
; Verilog Version                                                  ; Verilog_2001       ; Verilog_2001       ;
; VHDL Version                                                     ; VHDL_1993          ; VHDL_1993          ;
; State Machine Processing                                         ; Auto               ; Auto               ;
; Safe State Machine                                               ; Off                ; Off                ;
; Extract Verilog State Machines                                   ; On                 ; On                 ;
; Extract VHDL State Machines                                      ; On                 ; On                 ;
; Ignore Verilog initial constructs                                ; Off                ; Off                ;
; Iteration limit for constant Verilog loops                       ; 5000               ; 5000               ;
; Iteration limit for non-constant Verilog loops                   ; 250                ; 250                ;
; Add Pass-Through Logic to Inferred RAMs                          ; On                 ; On                 ;
; Infer RAMs from Raw Logic                                        ; On                 ; On                 ;
; Parallel Synthesis                                               ; On                 ; On                 ;
; DSP Block Balancing                                              ; Auto               ; Auto               ;
; NOT Gate Push-Back                                               ; On                 ; On                 ;
; Power-Up Don't Care                                              ; On                 ; On                 ;
; Remove Redundant Logic Cells                                     ; Off                ; Off                ;
; Remove Duplicate Registers                                       ; On                 ; On                 ;
; Ignore CARRY Buffers                                             ; Off                ; Off                ;
; Ignore CASCADE Buffers                                           ; Off                ; Off                ;
; Ignore GLOBAL Buffers                                            ; Off                ; Off                ;
; Ignore ROW GLOBAL Buffers                                        ; Off                ; Off                ;
; Ignore LCELL Buffers                                             ; Off                ; Off                ;
; Ignore SOFT Buffers                                              ; On                 ; On                 ;
; Limit AHDL Integers to 32 Bits                                   ; Off                ; Off                ;
; Optimization Technique                                           ; Balanced           ; Balanced           ;
; Carry Chain Length                                               ; 70                 ; 70                 ;
; Auto Carry Chains                                                ; On                 ; On                 ;
; Auto Open-Drain Pins                                             ; On                 ; On                 ;
; Perform WYSIWYG Primitive Resynthesis                            ; Off                ; Off                ;
; Auto ROM Replacement                                             ; On                 ; On                 ;
; Auto RAM Replacement                                             ; On                 ; On                 ;
; Auto DSP Block Replacement                                       ; On                 ; On                 ;
; Auto Shift Register Replacement                                  ; Auto               ; Auto               ;
; Allow Shift Register Merging across Hierarchies                  ; Auto               ; Auto               ;
; Auto Clock Enable Replacement                                    ; On                 ; On                 ;
; Strict RAM Replacement                                           ; Off                ; Off                ;
; Allow Synchronous Control Signals                                ; On                 ; On                 ;
; Force Use of Synchronous Clear Signals                           ; Off                ; Off                ;
; Auto RAM Block Balancing                                         ; On                 ; On                 ;
; Auto RAM to Logic Cell Conversion                                ; Off                ; Off                ;
; Auto Resource Sharing                                            ; Off                ; Off                ;
; Allow Any RAM Size For Recognition                               ; Off                ; Off                ;
; Allow Any ROM Size For Recognition                               ; Off                ; Off                ;
; Allow Any Shift Register Size For Recognition                    ; Off                ; Off                ;
; Use LogicLock Constraints during Resource Balancing              ; On                 ; On                 ;
; Ignore translate_off and synthesis_off directives                ; Off                ; Off                ;
; Timing-Driven Synthesis                                          ; On                 ; On                 ;
; Report Parameter Settings                                        ; On                 ; On                 ;
; Report Source Assignments                                        ; On                 ; On                 ;
; Report Connectivity Checks                                       ; On                 ; On                 ;
; Ignore Maximum Fan-Out Assignments                               ; Off                ; Off                ;
; Synchronization Register Chain Length                            ; 2                  ; 2                  ;
; Power Optimization During Synthesis                              ; Normal compilation ; Normal compilation ;
; HDL message level                                                ; Level2             ; Level2             ;
; Suppress Register Optimization Related Messages                  ; Off                ; Off                ;
; Number of Removed Registers Reported in Synthesis Report         ; 5000               ; 5000               ;
; Number of Swept Nodes Reported in Synthesis Report               ; 5000               ; 5000               ;
; Number of Inverted Registers Reported in Synthesis Report        ; 100                ; 100                ;
; Clock MUX Protection                                             ; On                 ; On                 ;
; Auto Gated Clock Conversion                                      ; Off                ; Off                ;
; Block Design Naming                                              ; Auto               ; Auto               ;
; SDC constraint protection                                        ; Off                ; Off                ;
; Synthesis Effort                                                 ; Auto               ; Auto               ;
; Shift Register Replacement - Allow Asynchronous Clear Signal     ; On                 ; On                 ;
; Pre-Mapping Resynthesis Optimization                             ; Off                ; Off                ;
; Analysis & Synthesis Message Level                               ; Medium             ; Medium             ;
; Disable Register Merging Across Hierarchies                      ; Auto               ; Auto               ;
; Resource Aware Inference For Block RAM                           ; On                 ; On                 ;
+------------------------------------------------------------------+--------------------+--------------------+


+------------------------------------------+
; Parallel Compilation                     ;
+----------------------------+-------------+
; Processors                 ; Number      ;
+----------------------------+-------------+
; Number detected on machine ; 8           ;
; Maximum allowed            ; 4           ;
;                            ;             ;
; Average used               ; 1.00        ;
; Maximum used               ; 4           ;
;                            ;             ;
; Usage by Processor         ; % Time Used ;
;     Processor 1            ; 100.0%      ;
;     Processors 2-4         ;   0.0%      ;
+----------------------------+-------------+


+--------------------------------------------------------------------------------------------------------------------------------------------------------------------------+
; Analysis & Synthesis Source Files Read                                                                                                                                   ;
+----------------------------------+-----------------+------------------------+----------------------------------------------------------------------------------+---------+
; File Name with User-Entered Path ; Used in Netlist ; File Type              ; File Name with Absolute Path                                                     ; Library ;
+----------------------------------+-----------------+------------------------+----------------------------------------------------------------------------------+---------+
; in_wrapper.v                     ; yes             ; User Verilog HDL File  ; C:/Users/IDEAL/Desktop/Programm train/ModelSIM/Synth_CA6/in_wrapper/in_wrapper.v ;         ;
+----------------------------------+-----------------+------------------------+----------------------------------------------------------------------------------+---------+


+---------------------------------------------------------+
; Analysis & Synthesis Resource Usage Summary             ;
+---------------------------------------------+-----------+
; Resource                                    ; Usage     ;
+---------------------------------------------+-----------+
; Estimated Total logic elements              ; 55        ;
;                                             ;           ;
; Total combinational functions               ; 7         ;
; Logic element usage by number of LUT inputs ;           ;
;     -- 4 input functions                    ; 0         ;
;     -- 3 input functions                    ; 4         ;
;     -- <=2 input functions                  ; 3         ;
;                                             ;           ;
; Logic elements by mode                      ;           ;
;     -- normal mode                          ; 7         ;
;     -- arithmetic mode                      ; 0         ;
;                                             ;           ;
; Total registers                             ; 54        ;
;     -- Dedicated logic registers            ; 54        ;
;     -- I/O registers                        ; 0         ;
;                                             ;           ;
; I/O pins                                    ; 101       ;
;                                             ;           ;
; Embedded Multiplier 9-bit elements          ; 0         ;
;                                             ;           ;
; Maximum fan-out node                        ; clk~input ;
; Maximum fan-out                             ; 54        ;
; Total fan-out                               ; 379       ;
; Average fan-out                             ; 1.44      ;
+---------------------------------------------+-----------+


+-------------------------------------------------------------------------------------------------------------------------------------------------------------------------------------------------------------------+
; Analysis & Synthesis Resource Utilization by Entity                                                                                                                                                               ;
+----------------------------+---------------------+---------------------------+-------------+--------------+---------+-----------+------+--------------+-----------------------------+--------------+--------------+
; Compilation Hierarchy Node ; Combinational ALUTs ; Dedicated Logic Registers ; Memory Bits ; DSP Elements ; DSP 9x9 ; DSP 18x18 ; Pins ; Virtual Pins ; Full Hierarchy Name         ; Entity Name  ; Library Name ;
+----------------------------+---------------------+---------------------------+-------------+--------------+---------+-----------+------+--------------+-----------------------------+--------------+--------------+
; |in_wrapper                ; 7 (0)               ; 54 (0)                    ; 0           ; 0            ; 0       ; 0         ; 101  ; 0            ; |in_wrapper                 ; in_wrapper   ; work         ;
;    |in_wrapperCU:cu|       ; 7 (7)               ; 6 (6)                     ; 0           ; 0            ; 0       ; 0         ; 0    ; 0            ; |in_wrapper|in_wrapperCU:cu ; in_wrapperCU ; work         ;
;    |in_wrapperDP:dp|       ; 0 (0)               ; 48 (48)                   ; 0           ; 0            ; 0       ; 0         ; 0    ; 0            ; |in_wrapper|in_wrapperDP:dp ; in_wrapperDP ; work         ;
+----------------------------+---------------------+---------------------------+-------------+--------------+---------+-----------+------+--------------+-----------------------------+--------------+--------------+
Note: For table entries with two numbers listed, the numbers in parentheses indicate the number of resources of the given type used by the specific entity alone. The numbers listed outside of parentheses indicate the total resources of the given type used by the specific entity and all of its sub-entities in the hierarchy.


Encoding Type:  One-Hot
+-----------------------------------------------------------------------------------------------------+
; State Machine - |in_wrapper|in_wrapperCU:cu|pstate                                                  ;
+----------------+----------------+----------+--------------+----------------+----------+-------------+
; Name           ; pstate.accepty ; pstate.y ; pstate.Idle2 ; pstate.acceptx ; pstate.x ; pstate.Idle ;
+----------------+----------------+----------+--------------+----------------+----------+-------------+
; pstate.Idle    ; 0              ; 0        ; 0            ; 0              ; 0        ; 0           ;
; pstate.x       ; 0              ; 0        ; 0            ; 0              ; 1        ; 1           ;
; pstate.acceptx ; 0              ; 0        ; 0            ; 1              ; 0        ; 1           ;
; pstate.Idle2   ; 0              ; 0        ; 1            ; 0              ; 0        ; 1           ;
; pstate.y       ; 0              ; 1        ; 0            ; 0              ; 0        ; 1           ;
; pstate.accepty ; 1              ; 0        ; 0            ; 0              ; 0        ; 1           ;
+----------------+----------------+----------+--------------+----------------+----------+-------------+


+------------------------------------------------------------+
; Registers Removed During Synthesis                         ;
+---------------------------------------+--------------------+
; Register name                         ; Reason for Removal ;
+---------------------------------------+--------------------+
; in_wrapperCU:cu|pstate~4              ; Lost fanout        ;
; in_wrapperCU:cu|pstate~5              ; Lost fanout        ;
; in_wrapperCU:cu|pstate~6              ; Lost fanout        ;
; Total Number of Removed Registers = 3 ;                    ;
+---------------------------------------+--------------------+


+------------------------------------------------------+
; General Register Statistics                          ;
+----------------------------------------------+-------+
; Statistic                                    ; Value ;
+----------------------------------------------+-------+
; Total registers                              ; 54    ;
; Number of registers using Synchronous Clear  ; 0     ;
; Number of registers using Synchronous Load   ; 0     ;
; Number of registers using Asynchronous Clear ; 54    ;
; Number of registers using Asynchronous Load  ; 0     ;
; Number of registers using Clock Enable       ; 48    ;
; Number of registers using Preset             ; 0     ;
+----------------------------------------------+-------+


+--------------------------------------------------------------+
; Parameter Settings for User Entity Instance: in_wrapperCU:cu ;
+----------------+-------+-------------------------------------+
; Parameter Name ; Value ; Type                                ;
+----------------+-------+-------------------------------------+
; Idle           ; 000   ; Unsigned Binary                     ;
; x              ; 001   ; Unsigned Binary                     ;
; acceptx        ; 010   ; Unsigned Binary                     ;
; Idle2          ; 011   ; Unsigned Binary                     ;
; y              ; 100   ; Unsigned Binary                     ;
; accepty        ; 101   ; Unsigned Binary                     ;
+----------------+-------+-------------------------------------+
Note: In order to hide this table in the UI and the text report file, please set the "Show Parameter Settings in Synthesis Report" option in "Analysis and Synthesis Settings -> More Settings" to "Off".


+-----------------------------------------------------+
; Post-Synthesis Netlist Statistics for Top Partition ;
+-----------------------+-----------------------------+
; Type                  ; Count                       ;
+-----------------------+-----------------------------+
; boundary_port         ; 101                         ;
; cycloneiii_ff         ; 54                          ;
;     CLR               ; 6                           ;
;     ENA CLR           ; 48                          ;
; cycloneiii_lcell_comb ; 8                           ;
;     normal            ; 8                           ;
;         0 data inputs ; 1                           ;
;         2 data inputs ; 3                           ;
;         3 data inputs ; 4                           ;
;                       ;                             ;
; Max LUT depth         ; 1.00                        ;
; Average LUT depth     ; 0.16                        ;
+-----------------------+-----------------------------+


+-------------------------------+
; Elapsed Time Per Partition    ;
+----------------+--------------+
; Partition Name ; Elapsed Time ;
+----------------+--------------+
; Top            ; 00:00:01     ;
+----------------+--------------+


+-------------------------------+
; Analysis & Synthesis Messages ;
+-------------------------------+
Info: *******************************************************************
Info: Running Quartus Prime Analysis & Synthesis
    Info: Version 20.1.0 Build 711 06/05/2020 SJ Lite Edition
    Info: Processing started: Sun Jun 27 16:21:50 2021
Info: Command: quartus_map --read_settings_files=on --write_settings_files=off in_wrapper -c in_wrapper
Warning (18236): Number of processors has not been specified which may cause overloading on shared machines.  Set the global assignment NUM_PARALLEL_PROCESSORS in your QSF to an appropriate value for best performance.
Info (20030): Parallel compilation is enabled and will use 4 of the 4 processors detected
Info (12021): Found 3 design units, including 3 entities, in source file in_wrapper.v
    Info (12023): Found entity 1: in_wrapperDP File: C:/Users/IDEAL/Desktop/Programm train/ModelSIM/Synth_CA6/in_wrapper/in_wrapper.v Line: 3
    Info (12023): Found entity 2: in_wrapperCU File: C:/Users/IDEAL/Desktop/Programm train/ModelSIM/Synth_CA6/in_wrapper/in_wrapper.v Line: 29
    Info (12023): Found entity 3: in_wrapper File: C:/Users/IDEAL/Desktop/Programm train/ModelSIM/Synth_CA6/in_wrapper/in_wrapper.v Line: 63
Info (12127): Elaborating entity "in_wrapper" for the top level hierarchy
Info (12128): Elaborating entity "in_wrapperDP" for hierarchy "in_wrapperDP:dp" File: C:/Users/IDEAL/Desktop/Programm train/ModelSIM/Synth_CA6/in_wrapper/in_wrapper.v Line: 67
Warning (10230): Verilog HDL assignment warning at in_wrapper.v(13): truncated value with size 32 to match size of target (24) File: C:/Users/IDEAL/Desktop/Programm train/ModelSIM/Synth_CA6/in_wrapper/in_wrapper.v Line: 13
Warning (10230): Verilog HDL assignment warning at in_wrapper.v(21): truncated value with size 32 to match size of target (24) File: C:/Users/IDEAL/Desktop/Programm train/ModelSIM/Synth_CA6/in_wrapper/in_wrapper.v Line: 21
Info (12128): Elaborating entity "in_wrapperCU" for hierarchy "in_wrapperCU:cu" File: C:/Users/IDEAL/Desktop/Programm train/ModelSIM/Synth_CA6/in_wrapper/in_wrapper.v Line: 68
Warning (13024): Output pins are stuck at VCC or GND
    Warning (13410): Pin "xin[24]" is stuck at GND File: C:/Users/IDEAL/Desktop/Programm train/ModelSIM/Synth_CA6/in_wrapper/in_wrapper.v Line: 64
    Warning (13410): Pin "xin[25]" is stuck at GND File: C:/Users/IDEAL/Desktop/Programm train/ModelSIM/Synth_CA6/in_wrapper/in_wrapper.v Line: 64
    Warning (13410): Pin "xin[26]" is stuck at GND File: C:/Users/IDEAL/Desktop/Programm train/ModelSIM/Synth_CA6/in_wrapper/in_wrapper.v Line: 64
    Warning (13410): Pin "xin[27]" is stuck at GND File: C:/Users/IDEAL/Desktop/Programm train/ModelSIM/Synth_CA6/in_wrapper/in_wrapper.v Line: 64
    Warning (13410): Pin "xin[28]" is stuck at GND File: C:/Users/IDEAL/Desktop/Programm train/ModelSIM/Synth_CA6/in_wrapper/in_wrapper.v Line: 64
    Warning (13410): Pin "xin[29]" is stuck at GND File: C:/Users/IDEAL/Desktop/Programm train/ModelSIM/Synth_CA6/in_wrapper/in_wrapper.v Line: 64
    Warning (13410): Pin "xin[30]" is stuck at GND File: C:/Users/IDEAL/Desktop/Programm train/ModelSIM/Synth_CA6/in_wrapper/in_wrapper.v Line: 64
    Warning (13410): Pin "xin[31]" is stuck at GND File: C:/Users/IDEAL/Desktop/Programm train/ModelSIM/Synth_CA6/in_wrapper/in_wrapper.v Line: 64
    Warning (13410): Pin "yin[24]" is stuck at GND File: C:/Users/IDEAL/Desktop/Programm train/ModelSIM/Synth_CA6/in_wrapper/in_wrapper.v Line: 64
    Warning (13410): Pin "yin[25]" is stuck at GND File: C:/Users/IDEAL/Desktop/Programm train/ModelSIM/Synth_CA6/in_wrapper/in_wrapper.v Line: 64
    Warning (13410): Pin "yin[26]" is stuck at GND File: C:/Users/IDEAL/Desktop/Programm train/ModelSIM/Synth_CA6/in_wrapper/in_wrapper.v Line: 64
    Warning (13410): Pin "yin[27]" is stuck at GND File: C:/Users/IDEAL/Desktop/Programm train/ModelSIM/Synth_CA6/in_wrapper/in_wrapper.v Line: 64
    Warning (13410): Pin "yin[28]" is stuck at GND File: C:/Users/IDEAL/Desktop/Programm train/ModelSIM/Synth_CA6/in_wrapper/in_wrapper.v Line: 64
    Warning (13410): Pin "yin[29]" is stuck at GND File: C:/Users/IDEAL/Desktop/Programm train/ModelSIM/Synth_CA6/in_wrapper/in_wrapper.v Line: 64
    Warning (13410): Pin "yin[30]" is stuck at GND File: C:/Users/IDEAL/Desktop/Programm train/ModelSIM/Synth_CA6/in_wrapper/in_wrapper.v Line: 64
    Warning (13410): Pin "yin[31]" is stuck at GND File: C:/Users/IDEAL/Desktop/Programm train/ModelSIM/Synth_CA6/in_wrapper/in_wrapper.v Line: 64
Info (286030): Timing-Driven Synthesis is running
Info (17049): 3 registers lost all their fanouts during netlist optimizations.
Info (16010): Generating hard_block partition "hard_block:auto_generated_inst"
    Info (16011): Adding 0 node(s), including 0 DDIO, 0 PLL, 0 transceiver and 0 LCELL
Warning (21074): Design contains 8 input pin(s) that do not drive logic
    Warning (15610): No output dependent on input pin "inBus[24]" File: C:/Users/IDEAL/Desktop/Programm train/ModelSIM/Synth_CA6/in_wrapper/in_wrapper.v Line: 63
    Warning (15610): No output dependent on input pin "inBus[25]" File: C:/Users/IDEAL/Desktop/Programm train/ModelSIM/Synth_CA6/in_wrapper/in_wrapper.v Line: 63
    Warning (15610): No output dependent on input pin "inBus[26]" File: C:/Users/IDEAL/Desktop/Programm train/ModelSIM/Synth_CA6/in_wrapper/in_wrapper.v Line: 63
    Warning (15610): No output dependent on input pin "inBus[27]" File: C:/Users/IDEAL/Desktop/Programm train/ModelSIM/Synth_CA6/in_wrapper/in_wrapper.v Line: 63
    Warning (15610): No output dependent on input pin "inBus[28]" File: C:/Users/IDEAL/Desktop/Programm train/ModelSIM/Synth_CA6/in_wrapper/in_wrapper.v Line: 63
    Warning (15610): No output dependent on input pin "inBus[29]" File: C:/Users/IDEAL/Desktop/Programm train/ModelSIM/Synth_CA6/in_wrapper/in_wrapper.v Line: 63
    Warning (15610): No output dependent on input pin "inBus[30]" File: C:/Users/IDEAL/Desktop/Programm train/ModelSIM/Synth_CA6/in_wrapper/in_wrapper.v Line: 63
    Warning (15610): No output dependent on input pin "inBus[31]" File: C:/Users/IDEAL/Desktop/Programm train/ModelSIM/Synth_CA6/in_wrapper/in_wrapper.v Line: 63
Info (21057): Implemented 156 device resources after synthesis - the final resource count might be different
    Info (21058): Implemented 35 input pins
    Info (21059): Implemented 66 output pins
    Info (21061): Implemented 55 logic cells
Info: Quartus Prime Analysis & Synthesis was successful. 0 errors, 29 warnings
    Info: Peak virtual memory: 4758 megabytes
    Info: Processing ended: Sun Jun 27 16:22:08 2021
    Info: Elapsed time: 00:00:18
    Info: Total CPU time (on all processors): 00:00:43


